<?xml version="1.0" encoding="UTF-8"?>
<robot generator="Robot 3.2.2 (Python 3.11.0 on win32)" generated="20221115 13:03:13.911" rpa="false">
<suite id="s1" name="RobotTest" source="C:\Users\SRaina\eclipse-workspace\RobotTest">
<suite id="s1-s1" name="Test" source="C:\Users\SRaina\eclipse-workspace\RobotTest\Test">
<suite id="s1-s1-s1" name="Empty Login" source="C:\Users\SRaina\eclipse-workspace\RobotTest\Test\empty_login.robot">
<kw name="Open Browser To Login Page" library="resource" type="setup">
<kw name="Open Browser" library="SeleniumLibrary">
<doc>Opens a new browser instance to the optional ``url``.</doc>
<arguments>
<arg>${LOGIN URL}</arg>
<arg>${BROWSER}</arg>
</arguments>
<msg timestamp="20221115 13:03:14.242" level="INFO">Opening browser 'chrome' to base url 'https://opensource-demo.orangehrmlive.com/web/index.php/auth/login'.</msg>
<status status="PASS" starttime="20221115 13:03:14.241" endtime="20221115 13:03:17.840"></status>
</kw>
<kw name="Maximize Browser Window" library="SeleniumLibrary">
<doc>Maximizes current browser window.</doc>
<status status="PASS" starttime="20221115 13:03:17.841" endtime="20221115 13:03:17.982"></status>
</kw>
<kw name="Set Browser Implicit Wait" library="SeleniumLibrary">
<doc>Sets the implicit wait value used by Selenium.</doc>
<arguments>
<arg>5</arg>
</arguments>
<status status="PASS" starttime="20221115 13:03:17.983" endtime="20221115 13:03:17.985"></status>
</kw>
<kw name="Set Selenium Speed" library="SeleniumLibrary">
<doc>Sets the delay that is waited after each Selenium command.</doc>
<arguments>
<arg>${DELAY}</arg>
</arguments>
<status status="PASS" starttime="20221115 13:03:17.986" endtime="20221115 13:03:17.987"></status>
</kw>
<kw name="Login Page Should Be Open" library="resource">
<kw name="Title Should Be" library="SeleniumLibrary">
<doc>Verifies that the current page title equals ``title``.</doc>
<arguments>
<arg>OrangeHRM</arg>
</arguments>
<msg timestamp="20221115 13:03:17.997" level="INFO">Page title is 'OrangeHRM'.</msg>
<status status="PASS" starttime="20221115 13:03:17.988" endtime="20221115 13:03:17.998"></status>
</kw>
<status status="PASS" starttime="20221115 13:03:17.987" endtime="20221115 13:03:17.998"></status>
</kw>
<status status="PASS" starttime="20221115 13:03:14.241" endtime="20221115 13:03:17.998"></status>
</kw>
<test id="s1-s1-s1-t1" name="Empty Username">
<kw name="Go To Login Page" library="resource" type="setup">
<kw name="Go To" library="SeleniumLibrary">
<doc>Navigates the current browser window to the provided ``url``.</doc>
<arguments>
<arg>${LOGIN URL}</arg>
</arguments>
<msg timestamp="20221115 13:03:18.001" level="INFO">Opening url 'https://opensource-demo.orangehrmlive.com/web/index.php/auth/login'</msg>
<status status="PASS" starttime="20221115 13:03:18.000" endtime="20221115 13:03:18.310"></status>
</kw>
<kw name="Login Page Should Be Open" library="resource">
<kw name="Title Should Be" library="SeleniumLibrary">
<doc>Verifies that the current page title equals ``title``.</doc>
<arguments>
<arg>OrangeHRM</arg>
</arguments>
<msg timestamp="20221115 13:03:18.314" level="INFO">Page title is 'OrangeHRM'.</msg>
<status status="PASS" starttime="20221115 13:03:18.311" endtime="20221115 13:03:18.314"></status>
</kw>
<status status="PASS" starttime="20221115 13:03:18.310" endtime="20221115 13:03:18.314"></status>
</kw>
<status status="PASS" starttime="20221115 13:03:17.999" endtime="20221115 13:03:18.314"></status>
</kw>
<kw name="Login With Invalid Credentials Should Not Proceed">
<arguments>
<arg>${EMPTY}</arg>
<arg>${VALID PASSWORD}</arg>
</arguments>
<kw name="Input Username" library="resource">
<arguments>
<arg>${username}</arg>
</arguments>
<kw name="Input Text" library="SeleniumLibrary">
<doc>Types the given ``text`` into the text field identified by ``locator``.</doc>
<arguments>
<arg>username</arg>
<arg>${username}</arg>
</arguments>
<msg timestamp="20221115 13:03:18.316" level="INFO">Typing text '' into text field 'username'.</msg>
<status status="PASS" starttime="20221115 13:03:18.315" endtime="20221115 13:03:18.737"></status>
</kw>
<status status="PASS" starttime="20221115 13:03:18.315" endtime="20221115 13:03:18.738"></status>
</kw>
<kw name="Input Password" library="resource">
<arguments>
<arg>${password}</arg>
</arguments>
<kw name="Input Text" library="SeleniumLibrary">
<doc>Types the given ``text`` into the text field identified by ``locator``.</doc>
<arguments>
<arg>password</arg>
<arg>${password}</arg>
</arguments>
<msg timestamp="20221115 13:03:18.739" level="INFO">Typing text 'admin123' into text field 'password'.</msg>
<status status="PASS" starttime="20221115 13:03:18.739" endtime="20221115 13:03:18.846"></status>
</kw>
<status status="PASS" starttime="20221115 13:03:18.738" endtime="20221115 13:03:18.846"></status>
</kw>
<kw name="Submit Credentials" library="resource">
<kw name="Click Button" library="SeleniumLibrary">
<doc>Clicks the button identified by ``locator``.</doc>
<arguments>
<arg>//form/div[3]/button</arg>
</arguments>
<msg timestamp="20221115 13:03:18.846" level="INFO">Clicking button '//form/div[3]/button'.</msg>
<status status="PASS" starttime="20221115 13:03:18.846" endtime="20221115 13:03:18.940"></status>
</kw>
<status status="PASS" starttime="20221115 13:03:18.846" endtime="20221115 13:03:18.940"></status>
</kw>
<kw name="Login Should Have Failed">
<kw name="Element Should Contain" library="SeleniumLibrary">
<doc>Verifies that element ``locator`` contains text ``expected``.</doc>
<arguments>
<arg>//div/span</arg>
<arg>${message}</arg>
</arguments>
<msg timestamp="20221115 13:03:18.968" level="INFO">Element '//div/span' contains text 'Require'.</msg>
<status status="PASS" starttime="20221115 13:03:18.941" endtime="20221115 13:03:18.969"></status>
</kw>
<status status="PASS" starttime="20221115 13:03:18.940" endtime="20221115 13:03:18.970"></status>
</kw>
<status status="PASS" starttime="20221115 13:03:18.315" endtime="20221115 13:03:18.971"></status>
</kw>
<status status="PASS" starttime="20221115 13:03:17.998" endtime="20221115 13:03:18.971" critical="yes"></status>
</test>
<kw name="Close Browser" library="SeleniumLibrary" type="teardown">
<doc>Closes the current browser.</doc>
<status status="PASS" starttime="20221115 13:03:18.973" endtime="20221115 13:03:21.124"></status>
</kw>
<doc>A test suite containing tests related to invalid login.

These tests are data-driven by their nature. They use a single
keyword, specified with Test Template setting, that is called
with different arguments to cover different scenarios.

This suite also demonstrates using setups and teardowns in
different levels.</doc>
<status status="PASS" starttime="20221115 13:03:13.975" endtime="20221115 13:03:21.125"></status>
</suite>
<status status="PASS" starttime="20221115 13:03:13.972" endtime="20221115 13:03:21.127"></status>
</suite>
<status status="PASS" starttime="20221115 13:03:13.954" endtime="20221115 13:03:21.128"></status>
</suite>
<statistics>
<total>
<stat pass="1" fail="0">Critical Tests</stat>
<stat pass="1" fail="0">All Tests</stat>
</total>
<tag>
</tag>
<suite>
<stat pass="1" fail="0" id="s1" name="RobotTest">RobotTest</stat>
<stat pass="1" fail="0" id="s1-s1" name="Test">RobotTest.Test</stat>
<stat pass="1" fail="0" id="s1-s1-s1" name="Empty Login">RobotTest.Test.Empty Login</stat>
</suite>
</statistics>
<errors>
</errors>
</robot>
