<?xml version="1.0" encoding="UTF-8"?>
<robot generator="Robot 3.2.2 (Python 3.11.0 on win32)" generated="20221117 19:56:01.157" rpa="false">
<suite id="s1" name="RobotTest" source="C:\Users\SRaina\eclipse-workspace\RobotTest">
<suite id="s1-s1" name="BrowserTest" source="C:\Users\SRaina\eclipse-workspace\RobotTest\BrowserTest">
<suite id="s1-s1-s1" name="TestBrowser" source="C:\Users\SRaina\eclipse-workspace\RobotTest\BrowserTest\TestBrowser.robot">
<test id="s1-s1-s1-t1" name="My First Test">
<kw name="New Browser" library="Browser">
<tags>
<tag>BrowserControl</tag>
<tag>Setter</tag>
</tags>
<doc>Create a new playwright Browser with specified options.</doc>
<arguments>
<arg>browser=${browser}</arg>
<arg>headless=false</arg>
</arguments>
<msg timestamp="20221117 19:56:02.778" level="INFO">{"browser": "chromium", "headless": false, "devtools": false, "handleSIGHUP": true, "handleSIGINT": true, "handleSIGTERM": true, "slowMo": 0.0, "timeout": 30000.0, "deprecated_pos_args": [], "tracesDir": "C:\\Users\\SRaina\\eclipse-workspace\\RobotTest\\browser\\traces\\4ed88415-824b-421c-a94e-2602535cbf79"}</msg>
<msg timestamp="20221117 19:56:04.040" level="INFO">Successfully created browser with options: {"browser":"chromium","headless":false,"devtools":false,"handleSIGHUP":true,"handleSIGINT":true,"handleSIGTERM":true,"slowMo":0,"timeout":30000,"deprecated_pos_args":[],"tracesDir":"C:\\Users\\SRaina\\eclipse-workspace\\RobotTest\\browser\\traces\\4ed88415-824b-421c-a94e-2602535cbf79"}</msg>
<status status="PASS" starttime="20221117 19:56:02.777" endtime="20221117 19:56:04.041"></status>
</kw>
<kw name="New Page" library="Browser">
<tags>
<tag>BrowserControl</tag>
<tag>Setter</tag>
</tags>
<doc>Open a new Page.</doc>
<arguments>
<arg>${url}</arg>
</arguments>
<msg timestamp="20221117 19:56:08.478" level="INFO">Successfully initialized new page object and opened url: https://the-internet.herokuapp.com/login</msg>
<msg timestamp="20221117 19:56:08.479" level="INFO">No context was open. New context was automatically opened when this page is created.</msg>
<status status="PASS" starttime="20221117 19:56:04.041" endtime="20221117 19:56:08.480"></status>
</kw>
<kw name="Type Text" library="Browser">
<tags>
<tag>PageContent</tag>
<tag>Setter</tag>
</tags>
<doc>Types the given ``txt`` into the text field found by ``selector``.</doc>
<arguments>
<arg>id=username</arg>
<arg>tomsmith</arg>
</arguments>
<msg timestamp="20221117 19:56:08.481" level="INFO">Types the text 'tomsmith' in the given field.</msg>
<status status="PASS" starttime="20221117 19:56:08.480" endtime="20221117 19:56:08.608"></status>
</kw>
<kw name="Type Secret" library="Browser">
<tags>
<tag>PageContent</tag>
<tag>Setter</tag>
</tags>
<doc>Types the given secret from ``variable_name`` into the text field
found by ``selector``.</doc>
<arguments>
<arg>id=password</arg>
<arg>SuperSecretPassword!</arg>
</arguments>
<msg timestamp="20221117 19:56:08.610" level="WARN">Direct assignment of values as 'secret' is deprecated. Use special variable syntax to resolve variable. Example $var instead of ${var}.</msg>
<status status="PASS" starttime="20221117 19:56:08.608" endtime="20221117 19:56:08.730"></status>
</kw>
<kw name="Click" library="Browser">
<tags>
<tag>PageContent</tag>
<tag>Setter</tag>
</tags>
<doc>Simulates mouse click on the element found by ``selector``.</doc>
<arguments>
<arg>css=button &gt;&gt; text=Login</arg>
</arguments>
<status status="PASS" starttime="20221117 19:56:08.730" endtime="20221117 19:56:09.219"></status>
</kw>
<kw name="Pause Execution" library="Dialogs">
<doc>Pauses test execution until user clicks ``Ok`` button.</doc>
<status status="PASS" starttime="20221117 19:56:09.220" endtime="20221117 19:56:11.211"></status>
</kw>
<kw name="Get Url" library="Browser">
<tags>
<tag>Assertion</tag>
<tag>Getter</tag>
<tag>PageContent</tag>
</tags>
<doc>Returns the current URL.</doc>
<arguments>
<arg>==</arg>
<arg>${expected url}</arg>
</arguments>
<msg timestamp="20221117 19:56:12.395" level="INFO" html="yes">&lt;/td&gt;&lt;/tr&gt;&lt;tr&gt;&lt;td colspan="3"&gt;&lt;a href="browser/screenshot/fail-screenshot-1.png"&gt;&lt;img src="browser/screenshot/fail-screenshot-1.png" width="800px"&gt;&lt;/a&gt;</msg>
<msg timestamp="20221117 19:56:12.398" level="FAIL">URL `==` is not a valid assertion operator</msg>
<status status="FAIL" starttime="20221117 19:56:11.212" endtime="20221117 19:56:12.399"></status>
</kw>
<status status="FAIL" starttime="20221117 19:56:02.772" endtime="20221117 19:56:12.399" critical="yes">URL `==` is not a valid assertion operator</status>
</test>
<status status="FAIL" starttime="20221117 19:56:01.235" endtime="20221117 19:56:12.484"></status>
</suite>
<status status="FAIL" starttime="20221117 19:56:01.230" endtime="20221117 19:56:12.492"></status>
</suite>
<status status="FAIL" starttime="20221117 19:56:01.208" endtime="20221117 19:56:12.494"></status>
</suite>
<statistics>
<total>
<stat pass="0" fail="1">Critical Tests</stat>
<stat pass="0" fail="1">All Tests</stat>
</total>
<tag>
</tag>
<suite>
<stat pass="0" fail="1" id="s1" name="RobotTest">RobotTest</stat>
<stat pass="0" fail="1" id="s1-s1" name="BrowserTest">RobotTest.BrowserTest</stat>
<stat pass="0" fail="1" id="s1-s1-s1" name="TestBrowser">RobotTest.BrowserTest.TestBrowser</stat>
</suite>
</statistics>
<errors>
<msg timestamp="20221117 19:56:08.610" level="WARN">Direct assignment of values as 'secret' is deprecated. Use special variable syntax to resolve variable. Example $var instead of ${var}.</msg>
</errors>
</robot>
