<?xml version="1.0" encoding="UTF-8"?>
<robot generator="Robot 3.2.2 (Python 3.11.0 on win32)" generated="20230109 14:13:47.426" rpa="false">
<suite id="s1" name="RobotFramework" source="C:\Users\simra\Desktop\RobotFramework">
<suite id="s1-s1" name="BrowserTest" source="C:\Users\simra\Desktop\RobotFramework\BrowserTest">
<suite id="s1-s1-s1" name="SwitchTabs" source="C:\Users\simra\Desktop\RobotFramework\BrowserTest\SwitchTabs.robot">
<test id="s1-s1-s1-t1" name="My First Test">
<kw name="New Browser" library="Browser">
<tags>
<tag>BrowserControl</tag>
<tag>Setter</tag>
</tags>
<doc>Create a new playwright Browser with specified options.</doc>
<arguments>
<arg>browser=${browser}</arg>
<arg>headless=false</arg>
</arguments>
<msg timestamp="20230109 14:13:48.810" level="INFO">{"browser": "chromium", "headless": false, "devtools": false, "handleSIGHUP": true, "handleSIGINT": true, "handleSIGTERM": true, "slowMo": 0.0, "timeout": 30000.0, "deprecated_pos_args": [], "tracesDir": "C:\\Users\\simra\\Desktop\\RobotFramework\\browser\\traces\\15a29d65-8c76-4650-bcb4-fc2f05f02372"}</msg>
<msg timestamp="20230109 14:13:49.497" level="INFO">Successfully created browser with options: {"browser":"chromium","headless":false,"devtools":false,"handleSIGHUP":true,"handleSIGINT":true,"handleSIGTERM":true,"slowMo":0,"timeout":30000,"deprecated_pos_args":[],"tracesDir":"C:\\Users\\simra\\Desktop\\RobotFramework\\browser\\traces\\15a29d65-8c76-4650-bcb4-fc2f05f02372"}</msg>
<status status="PASS" starttime="20230109 14:13:48.809" endtime="20230109 14:13:49.498"></status>
</kw>
<kw name="New Page" library="Browser">
<tags>
<tag>BrowserControl</tag>
<tag>Setter</tag>
</tags>
<doc>Open a new Page.</doc>
<arguments>
<arg>${url}</arg>
</arguments>
<msg timestamp="20230109 14:13:52.224" level="INFO">Successfully initialized new page object and opened url: https://demo.automationtesting.in/Windows.html</msg>
<msg timestamp="20230109 14:13:52.224" level="INFO">No context was open. New context was automatically opened when this page is created.</msg>
<status status="PASS" starttime="20230109 14:13:49.499" endtime="20230109 14:13:52.225"></status>
</kw>
<kw name="Click" library="Browser">
<tags>
<tag>PageContent</tag>
<tag>Setter</tag>
</tags>
<doc>Simulates mouse click on the element found by ``selector``.</doc>
<arguments>
<arg>xpath=//*[@id="Tabbed"]/a/button</arg>
</arguments>
<status status="PASS" starttime="20230109 14:13:52.226" endtime="20230109 14:13:52.397"></status>
</kw>
<kw name="Sleep" library="BuiltIn">
<doc>Pauses the test executed for the given time.</doc>
<arguments>
<arg>4</arg>
</arguments>
<msg timestamp="20230109 14:13:56.400" level="INFO">Slept 4 seconds</msg>
<status status="PASS" starttime="20230109 14:13:52.398" endtime="20230109 14:13:56.400"></status>
</kw>
<kw name="Get Page Ids" library="Browser">
<tags>
<tag>BrowserControl</tag>
<tag>Getter</tag>
</tags>
<doc>Returns a list of page ids based on the context and browser selection.
See `Browser, Context and Page` for more information about Page and related concepts.</doc>
<arguments>
<arg>ACTIVE</arg>
<arg>ACTIVE</arg>
<arg>ACTIVE</arg>
</arguments>
<assign>
<var>${current_page}</var>
</assign>
<msg timestamp="20230109 14:13:56.444" level="INFO">[
  {
    "type": "chromium",
    "id": "browser=e2bf54c9-9d3c-45fc-9141-09e2de47f71e",
    "contexts": [
      {
        "type": "context",
        "id": "context=e1d66538-46e5-4089-85ce-08c681f9f0da",
        "activePage": "page=ddd5a2fc-8b4d-4985-9e20-4dddb370cf9c",
        "pages": [
          {
            "type": "page",
            "title": "Selenium",
            "url": "https://www.selenium.dev/",
            "id": "page=2d1bd36d-2dc2-415b-a9b5-dee5076dc758",
            "timestamp": 1673253832.612
          },
          {
            "type": "page",
            "title": "Frames &amp; windows",
            "url": "https://demo.automationtesting.in/Windows.html",
            "id": "page=ddd5a2fc-8b4d-4985-9e20-4dddb370cf9c",
            "timestamp": 1673253829.758
          }
        ]
      }
    ],
    "activeContext": "context=e1d66538-46e5-4089-85ce-08c681f9f0da",
    "activeBrowser": true
  }
]</msg>
<msg timestamp="20230109 14:13:56.444" level="INFO">${current_page} = ['page=ddd5a2fc-8b4d-4985-9e20-4dddb370cf9c']</msg>
<status status="PASS" starttime="20230109 14:13:56.401" endtime="20230109 14:13:56.445"></status>
</kw>
<kw name="Log" library="BuiltIn">
<doc>Logs the given message with the given level.</doc>
<arguments>
<arg>Current page ID is: ${current_page}</arg>
</arguments>
<msg timestamp="20230109 14:13:56.446" level="INFO">Current page ID is: ['page=ddd5a2fc-8b4d-4985-9e20-4dddb370cf9c']</msg>
<status status="PASS" starttime="20230109 14:13:56.445" endtime="20230109 14:13:56.446"></status>
</kw>
<kw name="Get Page Ids" library="Browser">
<tags>
<tag>BrowserControl</tag>
<tag>Getter</tag>
</tags>
<doc>Returns a list of page ids based on the context and browser selection.
See `Browser, Context and Page` for more information about Page and related concepts.</doc>
<arguments>
<arg>ALL</arg>
<arg>ALL</arg>
<arg>ALL</arg>
</arguments>
<assign>
<var>@{all_pages}</var>
</assign>
<msg timestamp="20230109 14:13:56.457" level="INFO">[
  {
    "type": "chromium",
    "id": "browser=e2bf54c9-9d3c-45fc-9141-09e2de47f71e",
    "contexts": [
      {
        "type": "context",
        "id": "context=e1d66538-46e5-4089-85ce-08c681f9f0da",
        "activePage": "page=ddd5a2fc-8b4d-4985-9e20-4dddb370cf9c",
        "pages": [
          {
            "type": "page",
            "title": "Selenium",
            "url": "https://www.selenium.dev/",
            "id": "page=2d1bd36d-2dc2-415b-a9b5-dee5076dc758",
            "timestamp": 1673253832.612
          },
          {
            "type": "page",
            "title": "Frames &amp; windows",
            "url": "https://demo.automationtesting.in/Windows.html",
            "id": "page=ddd5a2fc-8b4d-4985-9e20-4dddb370cf9c",
            "timestamp": 1673253829.758
          }
        ]
      }
    ],
    "activeContext": "context=e1d66538-46e5-4089-85ce-08c681f9f0da",
    "activeBrowser": true
  }
]</msg>
<msg timestamp="20230109 14:13:56.458" level="INFO">@{all_pages} = [ page=2d1bd36d-2dc2-415b-a9b5-dee5076dc758 | page=ddd5a2fc-8b4d-4985-9e20-4dddb370cf9c ]</msg>
<status status="PASS" starttime="20230109 14:13:56.447" endtime="20230109 14:13:56.458"></status>
</kw>
<kw name="Log Many" library="BuiltIn">
<doc>Logs the given messages as separate entries using the INFO level.</doc>
<arguments>
<arg>New Page ID is:</arg>
<arg>${all_pages}[0]</arg>
</arguments>
<msg timestamp="20230109 14:13:56.459" level="INFO">New Page ID is:</msg>
<msg timestamp="20230109 14:13:56.460" level="INFO">page=2d1bd36d-2dc2-415b-a9b5-dee5076dc758</msg>
<status status="PASS" starttime="20230109 14:13:56.459" endtime="20230109 14:13:56.460"></status>
</kw>
<kw name="Switch Page" library="Browser">
<tags>
<tag>BrowserControl</tag>
<tag>Setter</tag>
</tags>
<doc>Switches the active browser page to another open page by ``id`` or ``NEW``.</doc>
<arguments>
<arg>${all_pages}[0]</arg>
</arguments>
<assign>
<var>${previous page}</var>
</assign>
<msg timestamp="20230109 14:13:56.462" level="INFO">Switching to page page=2d1bd36d-2dc2-415b-a9b5-dee5076dc758,context CURRENT, browser CURRENT</msg>
<msg timestamp="20230109 14:13:56.471" level="INFO">[
  {
    "type": "chromium",
    "id": "browser=e2bf54c9-9d3c-45fc-9141-09e2de47f71e",
    "contexts": [
      {
        "type": "context",
        "id": "context=e1d66538-46e5-4089-85ce-08c681f9f0da",
        "activePage": "page=ddd5a2fc-8b4d-4985-9e20-4dddb370cf9c",
        "pages": [
          {
            "type": "page",
            "title": "Selenium",
            "url": "https://www.selenium.dev/",
            "id": "page=2d1bd36d-2dc2-415b-a9b5-dee5076dc758",
            "timestamp": 1673253832.612
          },
          {
            "type": "page",
            "title": "Frames &amp; windows",
            "url": "https://demo.automationtesting.in/Windows.html",
            "id": "page=ddd5a2fc-8b4d-4985-9e20-4dddb370cf9c",
            "timestamp": 1673253829.758
          }
        ]
      }
    ],
    "activeContext": "context=e1d66538-46e5-4089-85ce-08c681f9f0da",
    "activeBrowser": true
  }
]</msg>
<msg timestamp="20230109 14:13:56.484" level="INFO">Successfully changed active page</msg>
<msg timestamp="20230109 14:13:56.485" level="INFO">${previous page} = page=ddd5a2fc-8b4d-4985-9e20-4dddb370cf9c</msg>
<status status="PASS" starttime="20230109 14:13:56.461" endtime="20230109 14:13:56.485"></status>
</kw>
<kw name="Get Url" library="Browser">
<tags>
<tag>Assertion</tag>
<tag>Getter</tag>
<tag>PageContent</tag>
</tags>
<doc>Returns the current URL.</doc>
<assign>
<var>${current url}</var>
</assign>
<msg timestamp="20230109 14:13:56.490" level="INFO">${current url} = https://www.selenium.dev/</msg>
<status status="PASS" starttime="20230109 14:13:56.485" endtime="20230109 14:13:56.491"></status>
</kw>
<kw name="Sleep" library="BuiltIn">
<doc>Pauses the test executed for the given time.</doc>
<arguments>
<arg>4</arg>
</arguments>
<msg timestamp="20230109 14:14:00.492" level="INFO">Slept 4 seconds</msg>
<status status="PASS" starttime="20230109 14:13:56.491" endtime="20230109 14:14:00.492"></status>
</kw>
<kw name="Should Be Equal" library="BuiltIn">
<doc>Fails if the given objects are unequal.</doc>
<arguments>
<arg>${current url}</arg>
<arg>${expected url}</arg>
</arguments>
<status status="PASS" starttime="20230109 14:14:00.493" endtime="20230109 14:14:00.494"></status>
</kw>
<kw name="Switch Page" library="Browser">
<tags>
<tag>BrowserControl</tag>
<tag>Setter</tag>
</tags>
<doc>Switches the active browser page to another open page by ``id`` or ``NEW``.</doc>
<arguments>
<arg>${previous page}</arg>
</arguments>
<msg timestamp="20230109 14:14:00.496" level="INFO">Switching to page page=ddd5a2fc-8b4d-4985-9e20-4dddb370cf9c,context CURRENT, browser CURRENT</msg>
<msg timestamp="20230109 14:14:00.509" level="INFO">[
  {
    "type": "chromium",
    "id": "browser=e2bf54c9-9d3c-45fc-9141-09e2de47f71e",
    "contexts": [
      {
        "type": "context",
        "id": "context=e1d66538-46e5-4089-85ce-08c681f9f0da",
        "activePage": "page=2d1bd36d-2dc2-415b-a9b5-dee5076dc758",
        "pages": [
          {
            "type": "page",
            "title": "Frames &amp; windows",
            "url": "https://demo.automationtesting.in/Windows.html",
            "id": "page=ddd5a2fc-8b4d-4985-9e20-4dddb370cf9c",
            "timestamp": 1673253829.758
          },
          {
            "type": "page",
            "title": "Selenium",
            "url": "https://www.selenium.dev/",
            "id": "page=2d1bd36d-2dc2-415b-a9b5-dee5076dc758",
            "timestamp": 1673253832.612
          }
        ]
      }
    ],
    "activeContext": "context=e1d66538-46e5-4089-85ce-08c681f9f0da",
    "activeBrowser": true
  }
]</msg>
<msg timestamp="20230109 14:14:00.541" level="INFO">Successfully changed active page</msg>
<status status="PASS" starttime="20230109 14:14:00.495" endtime="20230109 14:14:00.541"></status>
</kw>
<kw name="Get Url" library="Browser">
<tags>
<tag>Assertion</tag>
<tag>Getter</tag>
<tag>PageContent</tag>
</tags>
<doc>Returns the current URL.</doc>
<assign>
<var>${current url}</var>
</assign>
<msg timestamp="20230109 14:14:00.547" level="INFO">${current url} = https://demo.automationtesting.in/Windows.html</msg>
<status status="PASS" starttime="20230109 14:14:00.542" endtime="20230109 14:14:00.547"></status>
</kw>
<kw name="Sleep" library="BuiltIn">
<doc>Pauses the test executed for the given time.</doc>
<arguments>
<arg>4</arg>
</arguments>
<msg timestamp="20230109 14:14:04.549" level="INFO">Slept 4 seconds</msg>
<status status="PASS" starttime="20230109 14:14:00.548" endtime="20230109 14:14:04.549"></status>
</kw>
<kw name="Should Be Equal" library="BuiltIn">
<doc>Fails if the given objects are unequal.</doc>
<arguments>
<arg>${current url}</arg>
<arg>${url}</arg>
</arguments>
<status status="PASS" starttime="20230109 14:14:04.550" endtime="20230109 14:14:04.552"></status>
</kw>
<status status="PASS" starttime="20230109 14:13:48.804" endtime="20230109 14:14:04.552" critical="yes"></status>
</test>
<status status="PASS" starttime="20230109 14:13:47.497" endtime="20230109 14:14:04.697"></status>
</suite>
<status status="PASS" starttime="20230109 14:13:47.493" endtime="20230109 14:14:04.703"></status>
</suite>
<status status="PASS" starttime="20230109 14:13:47.471" endtime="20230109 14:14:04.706"></status>
</suite>
<statistics>
<total>
<stat pass="1" fail="0">Critical Tests</stat>
<stat pass="1" fail="0">All Tests</stat>
</total>
<tag>
</tag>
<suite>
<stat pass="1" fail="0" id="s1" name="RobotFramework">RobotFramework</stat>
<stat pass="1" fail="0" id="s1-s1" name="BrowserTest">RobotFramework.BrowserTest</stat>
<stat pass="1" fail="0" id="s1-s1-s1" name="SwitchTabs">RobotFramework.BrowserTest.SwitchTabs</stat>
</suite>
</statistics>
<errors>
</errors>
</robot>
